Analysis & Synthesis report for MaxDiff
Sat Jun 15 00:26:04 2024
Quartus Prime Version 23.1std.0 Build 991 11/28/2023 SC Lite Edition


---------------------
; Table of Contents ;
---------------------
  1. Legal Notice
  2. Analysis & Synthesis Summary
  3. Analysis & Synthesis Settings
  4. Parallel Compilation
  5. Analysis & Synthesis Source Files Read
  6. Analysis & Synthesis Resource Usage Summary
  7. Analysis & Synthesis Resource Utilization by Entity
  8. User-Specified and Inferred Latches
  9. General Register Statistics
 10. Multiplexer Restructuring Statistics (Restructuring Performed)
 11. Analysis & Synthesis Messages



----------------
; Legal Notice ;
----------------
Copyright (C) 2023  Intel Corporation. All rights reserved.
Your use of Intel Corporation's design tools, logic functions 
and other software and tools, and any partner logic 
functions, and any output files from any of the foregoing 
(including device programming or simulation files), and any 
associated documentation or information are expressly subject 
to the terms and conditions of the Intel Program License 
Subscription Agreement, the Intel Quartus Prime License Agreement,
the Intel FPGA IP License Agreement, or other applicable license
agreement, including, without limitation, that your use is for
the sole purpose of programming logic devices manufactured by
Intel and sold by Intel or its authorized distributors.  Please
refer to the applicable agreement for further details, at
https://fpgasoftware.intel.com/eula.



+------------------------------------------------------------------------------+
; Analysis & Synthesis Summary                                                 ;
+-----------------------------+------------------------------------------------+
; Analysis & Synthesis Status ; Successful - Sat Jun 15 00:26:04 2024          ;
; Quartus Prime Version       ; 23.1std.0 Build 991 11/28/2023 SC Lite Edition ;
; Revision Name               ; MaxDiff                                        ;
; Top-level Entity Name       ; MaxDiff_woMem                                  ;
; Family                      ; MAX V                                          ;
; Total logic elements        ; 128                                            ;
; Total pins                  ; 47                                             ;
; Total virtual pins          ; 0                                              ;
; UFM blocks                  ; 0 / 1 ( 0 % )                                  ;
+-----------------------------+------------------------------------------------+


+------------------------------------------------------------------------------------------------------------+
; Analysis & Synthesis Settings                                                                              ;
+------------------------------------------------------------------+--------------------+--------------------+
; Option                                                           ; Setting            ; Default Value      ;
+------------------------------------------------------------------+--------------------+--------------------+
; Top-level entity name                                            ; MaxDiff_woMem      ; MaxDiff            ;
; Family name                                                      ; MAX V              ; Cyclone V          ;
; Use smart compilation                                            ; Off                ; Off                ;
; Enable parallel Assembler and Timing Analyzer during compilation ; On                 ; On                 ;
; Enable compact report table                                      ; Off                ; Off                ;
; Restructure Multiplexers                                         ; Auto               ; Auto               ;
; Create Debugging Nodes for IP Cores                              ; Off                ; Off                ;
; Preserve fewer node names                                        ; On                 ; On                 ;
; Intel FPGA IP Evaluation Mode                                    ; Enable             ; Enable             ;
; Verilog Version                                                  ; Verilog_2001       ; Verilog_2001       ;
; VHDL Version                                                     ; VHDL_1993          ; VHDL_1993          ;
; State Machine Processing                                         ; Auto               ; Auto               ;
; Safe State Machine                                               ; Off                ; Off                ;
; Extract Verilog State Machines                                   ; On                 ; On                 ;
; Extract VHDL State Machines                                      ; On                 ; On                 ;
; Ignore Verilog initial constructs                                ; Off                ; Off                ;
; Iteration limit for constant Verilog loops                       ; 5000               ; 5000               ;
; Iteration limit for non-constant Verilog loops                   ; 250                ; 250                ;
; Add Pass-Through Logic to Inferred RAMs                          ; On                 ; On                 ;
; Infer RAMs from Raw Logic                                        ; On                 ; On                 ;
; Parallel Synthesis                                               ; On                 ; On                 ;
; NOT Gate Push-Back                                               ; On                 ; On                 ;
; Power-Up Don't Care                                              ; On                 ; On                 ;
; Remove Redundant Logic Cells                                     ; Off                ; Off                ;
; Remove Duplicate Registers                                       ; On                 ; On                 ;
; Ignore CARRY Buffers                                             ; Off                ; Off                ;
; Ignore CASCADE Buffers                                           ; Off                ; Off                ;
; Ignore GLOBAL Buffers                                            ; Off                ; Off                ;
; Ignore ROW GLOBAL Buffers                                        ; Off                ; Off                ;
; Ignore LCELL Buffers                                             ; Off                ; Off                ;
; Ignore SOFT Buffers                                              ; On                 ; On                 ;
; Limit AHDL Integers to 32 Bits                                   ; Off                ; Off                ;
; Optimization Technique                                           ; Balanced           ; Balanced           ;
; Carry Chain Length                                               ; 70                 ; 70                 ;
; Auto Carry Chains                                                ; On                 ; On                 ;
; Auto Open-Drain Pins                                             ; On                 ; On                 ;
; Perform WYSIWYG Primitive Resynthesis                            ; Off                ; Off                ;
; Auto Shift Register Replacement                                  ; Auto               ; Auto               ;
; Allow Shift Register Merging across Hierarchies                  ; Auto               ; Auto               ;
; Auto Clock Enable Replacement                                    ; On                 ; On                 ;
; Allow Synchronous Control Signals                                ; On                 ; On                 ;
; Force Use of Synchronous Clear Signals                           ; Off                ; Off                ;
; Auto Resource Sharing                                            ; Off                ; Off                ;
; Use LogicLock Constraints during Resource Balancing              ; On                 ; On                 ;
; Ignore translate_off and synthesis_off directives                ; Off                ; Off                ;
; Report Parameter Settings                                        ; On                 ; On                 ;
; Report Source Assignments                                        ; On                 ; On                 ;
; Report Connectivity Checks                                       ; On                 ; On                 ;
; Ignore Maximum Fan-Out Assignments                               ; Off                ; Off                ;
; Synchronization Register Chain Length                            ; 2                  ; 2                  ;
; Power Optimization During Synthesis                              ; Normal compilation ; Normal compilation ;
; HDL message level                                                ; Level2             ; Level2             ;
; Suppress Register Optimization Related Messages                  ; Off                ; Off                ;
; Number of Removed Registers Reported in Synthesis Report         ; 5000               ; 5000               ;
; Number of Swept Nodes Reported in Synthesis Report               ; 5000               ; 5000               ;
; Number of Inverted Registers Reported in Synthesis Report        ; 100                ; 100                ;
; Clock MUX Protection                                             ; On                 ; On                 ;
; Block Design Naming                                              ; Auto               ; Auto               ;
; Synthesis Effort                                                 ; Auto               ; Auto               ;
; Shift Register Replacement - Allow Asynchronous Clear Signal     ; On                 ; On                 ;
; Analysis & Synthesis Message Level                               ; Medium             ; Medium             ;
; Disable Register Merging Across Hierarchies                      ; Auto               ; Auto               ;
+------------------------------------------------------------------+--------------------+--------------------+


+------------------------------------------+
; Parallel Compilation                     ;
+----------------------------+-------------+
; Processors                 ; Number      ;
+----------------------------+-------------+
; Number detected on machine ; 8           ;
; Maximum allowed            ; 4           ;
;                            ;             ;
; Average used               ; 1.00        ;
; Maximum used               ; 1           ;
;                            ;             ;
; Usage by Processor         ; % Time Used ;
;     Processor 1            ; 100.0%      ;
+----------------------------+-------------+


+--------------------------------------------------------------------------------------------------------------------------+
; Analysis & Synthesis Source Files Read                                                                                   ;
+----------------------------------+-----------------+-----------------+-----------------------------------------+---------+
; File Name with User-Entered Path ; Used in Netlist ; File Type       ; File Name with Absolute Path            ; Library ;
+----------------------------------+-----------------+-----------------+-----------------------------------------+---------+
; NIterator.vhd                    ; yes             ; User VHDL File  ; D:/proj_clone/maxDiff/NIterator.vhd     ;         ;
; DiffBehave.vhd                   ; yes             ; User VHDL File  ; D:/proj_clone/maxDiff/DiffBehave.vhd    ;         ;
; DataHandler.vhd                  ; yes             ; User VHDL File  ; D:/proj_clone/maxDiff/DataHandler.vhd   ;         ;
; ControlUnit.vhd                  ; yes             ; User VHDL File  ; D:/proj_clone/maxDiff/ControlUnit.vhd   ;         ;
; MaxDiff_woMem.vhd                ; yes             ; User VHDL File  ; D:/proj_clone/maxDiff/MaxDiff_woMem.vhd ;         ;
+----------------------------------+-----------------+-----------------+-----------------------------------------+---------+


+-----------------------------------------------------+
; Analysis & Synthesis Resource Usage Summary         ;
+---------------------------------------------+-------+
; Resource                                    ; Usage ;
+---------------------------------------------+-------+
; Total logic elements                        ; 128   ;
;     -- Combinational with no register       ; 75    ;
;     -- Register only                        ; 18    ;
;     -- Combinational with a register        ; 35    ;
;                                             ;       ;
; Logic element usage by number of LUT inputs ;       ;
;     -- 4 input functions                    ; 1     ;
;     -- 3 input functions                    ; 66    ;
;     -- 2 input functions                    ; 33    ;
;     -- 1 input functions                    ; 2     ;
;     -- 0 input functions                    ; 8     ;
;                                             ;       ;
; Logic elements by mode                      ;       ;
;     -- normal mode                          ; 54    ;
;     -- arithmetic mode                      ; 74    ;
;     -- qfbk mode                            ; 0     ;
;     -- register cascade mode                ; 0     ;
;     -- synchronous clear/load mode          ; 8     ;
;     -- asynchronous clear/load mode         ; 36    ;
;                                             ;       ;
; Total registers                             ; 53    ;
; Total logic cells in carry chains           ; 85    ;
; I/O pins                                    ; 47    ;
; Maximum fan-out node                        ; clk   ;
; Maximum fan-out                             ; 53    ;
; Total fan-out                               ; 461   ;
; Average fan-out                             ; 2.63  ;
+---------------------------------------------+-------+


+------------------------------------------------------------------------------------------------------------------------------------------------------------------------------------------------------------------------------------------------------------------+
; Analysis & Synthesis Resource Utilization by Entity                                                                                                                                                                                                              ;
+----------------------------+-------------+--------------+------------+------+--------------+--------------+-------------------+------------------+-----------------+------------+-------------------------------------------------+---------------+--------------+
; Compilation Hierarchy Node ; Logic Cells ; LC Registers ; UFM Blocks ; Pins ; Virtual Pins ; LUT-Only LCs ; Register-Only LCs ; LUT/Register LCs ; Carry Chain LCs ; Packed LCs ; Full Hierarchy Name                             ; Entity Name   ; Library Name ;
+----------------------------+-------------+--------------+------------+------+--------------+--------------+-------------------+------------------+-----------------+------------+-------------------------------------------------+---------------+--------------+
; |MaxDiff_woMem             ; 128 (0)     ; 53           ; 0          ; 47   ; 0            ; 75 (0)       ; 18 (0)            ; 35 (0)           ; 85 (0)          ; 0 (0)      ; |MaxDiff_woMem                                  ; MaxDiff_woMem ; work         ;
;    |ControlUnit:Control|   ; 66 (4)      ; 9            ; 0          ; 0    ; 0            ; 57 (3)       ; 0 (0)             ; 9 (1)            ; 53 (0)          ; 0 (0)      ; |MaxDiff_woMem|ControlUnit:Control              ; ControlUnit   ; work         ;
;       |NIterator:NI|       ; 62 (62)     ; 8            ; 0          ; 0    ; 0            ; 54 (54)      ; 0 (0)             ; 8 (8)            ; 53 (53)         ; 0 (0)      ; |MaxDiff_woMem|ControlUnit:Control|NIterator:NI ; NIterator     ; work         ;
;    |DataHandler:Interface| ; 26 (26)     ; 26           ; 0          ; 0    ; 0            ; 0 (0)        ; 2 (2)             ; 24 (24)          ; 16 (16)         ; 0 (0)      ; |MaxDiff_woMem|DataHandler:Interface            ; DataHandler   ; work         ;
;    |DiffBehave:CalDiff|    ; 36 (36)     ; 18           ; 0          ; 0    ; 0            ; 18 (18)      ; 16 (16)           ; 2 (2)            ; 16 (16)         ; 0 (0)      ; |MaxDiff_woMem|DiffBehave:CalDiff               ; DiffBehave    ; work         ;
+----------------------------+-------------+--------------+------------+------+--------------+--------------+-------------------+------------------+-----------------+------------+-------------------------------------------------+---------------+--------------+
Note: For table entries with two numbers listed, the numbers in parentheses indicate the number of resources of the given type used by the specific entity alone. The numbers listed outside of parentheses indicate the total resources of the given type used by the specific entity and all of its sub-entities in the hierarchy.


+--------------------------------------------------------------------------------------------------------------------------+
; User-Specified and Inferred Latches                                                                                      ;
+----------------------------------------------------+--------------------------------------------+------------------------+
; Latch Name                                         ; Latch Enable Signal                        ; Free of Timing Hazards ;
+----------------------------------------------------+--------------------------------------------+------------------------+
; ControlUnit:Control|NIterator:NI|count[0]          ; ControlUnit:Control|NIterator:NI|LessThan1 ; yes                    ;
; ControlUnit:Control|NIterator:NI|count[1]          ; ControlUnit:Control|NIterator:NI|LessThan1 ; yes                    ;
; ControlUnit:Control|NIterator:NI|count[2]          ; ControlUnit:Control|NIterator:NI|LessThan1 ; yes                    ;
; ControlUnit:Control|NIterator:NI|count[3]          ; ControlUnit:Control|NIterator:NI|LessThan1 ; yes                    ;
; ControlUnit:Control|NIterator:NI|count[4]          ; ControlUnit:Control|NIterator:NI|LessThan1 ; yes                    ;
; ControlUnit:Control|NIterator:NI|count[5]          ; ControlUnit:Control|NIterator:NI|LessThan1 ; yes                    ;
; ControlUnit:Control|NIterator:NI|count[6]          ; ControlUnit:Control|NIterator:NI|LessThan1 ; yes                    ;
; ControlUnit:Control|NIterator:NI|count[7]          ; ControlUnit:Control|NIterator:NI|LessThan1 ; yes                    ;
; Number of user-specified and inferred latches = 8  ;                                            ;                        ;
+----------------------------------------------------+--------------------------------------------+------------------------+
Note: All latches listed above may not be present at the end of synthesis due to various synthesis optimizations.


+------------------------------------------------------+
; General Register Statistics                          ;
+----------------------------------------------+-------+
; Statistic                                    ; Value ;
+----------------------------------------------+-------+
; Total registers                              ; 53    ;
; Number of registers using Synchronous Clear  ; 8     ;
; Number of registers using Synchronous Load   ; 0     ;
; Number of registers using Asynchronous Clear ; 36    ;
; Number of registers using Asynchronous Load  ; 0     ;
; Number of registers using Clock Enable       ; 48    ;
; Number of registers using Preset             ; 0     ;
+----------------------------------------------+-------+


+----------------------------------------------------------------------------------------------------------------------------------------------------------------------------+
; Multiplexer Restructuring Statistics (Restructuring Performed)                                                                                                             ;
+--------------------+-----------+---------------+----------------------+------------------------+------------+--------------------------------------------------------------+
; Multiplexer Inputs ; Bus Width ; Baseline Area ; Area if Restructured ; Saving if Restructured ; Registered ; Example Multiplexer Output                                   ;
+--------------------+-----------+---------------+----------------------+------------------------+------------+--------------------------------------------------------------+
; 3:1                ; 8 bits    ; 16 LEs        ; 8 LEs                ; 8 LEs                  ; Yes        ; |MaxDiff_woMem|ControlUnit:Control|NIterator:NI|count_reg[7] ;
+--------------------+-----------+---------------+----------------------+------------------------+------------+--------------------------------------------------------------+


+-------------------------------+
; Analysis & Synthesis Messages ;
+-------------------------------+
Info: *******************************************************************
Info: Running Quartus Prime Analysis & Synthesis
    Info: Version 23.1std.0 Build 991 11/28/2023 SC Lite Edition
    Info: Processing started: Sat Jun 15 00:25:56 2024
Info: Command: quartus_map --read_settings_files=on --write_settings_files=off MaxDiff -c MaxDiff
Warning (18236): Number of processors has not been specified which may cause overloading on shared machines.  Set the global assignment NUM_PARALLEL_PROCESSORS in your QSF to an appropriate value for best performance.
Info (20030): Parallel compilation is enabled and will use 4 of the 4 processors detected
Info (12021): Found 2 design units, including 1 entities, in source file niterator.vhd
    Info (12022): Found design unit 1: NIterator-Behavioral File: D:/proj_clone/maxDiff/NIterator.vhd Line: 20
    Info (12023): Found entity 1: NIterator File: D:/proj_clone/maxDiff/NIterator.vhd Line: 5
Info (12021): Found 2 design units, including 1 entities, in source file memmodule.vhd
    Info (12022): Found design unit 1: MemModule-Behavioral File: D:/proj_clone/maxDiff/MemModule.vhd Line: 20
    Info (12023): Found entity 1: MemModule File: D:/proj_clone/maxDiff/MemModule.vhd Line: 5
Info (12021): Found 2 design units, including 1 entities, in source file maxdiff_tb.vhd
    Info (12022): Found design unit 1: MaxDiff_TB-TB_ARCH File: D:/proj_clone/maxDiff/MaxDiff_TB.vhd Line: 8
    Info (12023): Found entity 1: MaxDiff_TB File: D:/proj_clone/maxDiff/MaxDiff_TB.vhd Line: 5
Info (12021): Found 2 design units, including 1 entities, in source file maxdiff.vhd
    Info (12022): Found design unit 1: MaxDiff-Behavioral File: D:/proj_clone/maxDiff/MaxDiff.vhd Line: 24
    Info (12023): Found entity 1: MaxDiff File: D:/proj_clone/maxDiff/MaxDiff.vhd Line: 5
Info (12021): Found 2 design units, including 1 entities, in source file diffbehave.vhd
    Info (12022): Found design unit 1: DiffBehave-Behavioral File: D:/proj_clone/maxDiff/DiffBehave.vhd Line: 17
    Info (12023): Found entity 1: DiffBehave File: D:/proj_clone/maxDiff/DiffBehave.vhd Line: 5
Info (12021): Found 2 design units, including 1 entities, in source file datahandler.vhd
    Info (12022): Found design unit 1: DataHandler-Behavioral File: D:/proj_clone/maxDiff/DataHandler.vhd Line: 29
    Info (12023): Found entity 1: DataHandler File: D:/proj_clone/maxDiff/DataHandler.vhd Line: 5
Info (12021): Found 2 design units, including 1 entities, in source file controlunit.vhd
    Info (12022): Found design unit 1: ControlUnit-Behavioral File: D:/proj_clone/maxDiff/ControlUnit.vhd Line: 24
    Info (12023): Found entity 1: ControlUnit File: D:/proj_clone/maxDiff/ControlUnit.vhd Line: 5
Info (12021): Found 2 design units, including 1 entities, in source file maxdiff_womem.vhd
    Info (12022): Found design unit 1: MaxDiff_woMem-Behavioral File: D:/proj_clone/maxDiff/MaxDiff_woMem.vhd Line: 25
    Info (12023): Found entity 1: MaxDiff_woMem File: D:/proj_clone/maxDiff/MaxDiff_woMem.vhd Line: 5
Info (12127): Elaborating entity "MaxDiff_woMem" for the top level hierarchy
Info (12128): Elaborating entity "DiffBehave" for hierarchy "DiffBehave:CalDiff" File: D:/proj_clone/maxDiff/MaxDiff_woMem.vhd Line: 90
Info (12128): Elaborating entity "ControlUnit" for hierarchy "ControlUnit:Control" File: D:/proj_clone/maxDiff/MaxDiff_woMem.vhd Line: 92
Info (12128): Elaborating entity "NIterator" for hierarchy "ControlUnit:Control|NIterator:NI" File: D:/proj_clone/maxDiff/ControlUnit.vhd Line: 65
Info (10041): Inferred latch for "count[0]" at NIterator.vhd(45) File: D:/proj_clone/maxDiff/NIterator.vhd Line: 45
Info (10041): Inferred latch for "count[1]" at NIterator.vhd(45) File: D:/proj_clone/maxDiff/NIterator.vhd Line: 45
Info (10041): Inferred latch for "count[2]" at NIterator.vhd(45) File: D:/proj_clone/maxDiff/NIterator.vhd Line: 45
Info (10041): Inferred latch for "count[3]" at NIterator.vhd(45) File: D:/proj_clone/maxDiff/NIterator.vhd Line: 45
Info (10041): Inferred latch for "count[4]" at NIterator.vhd(45) File: D:/proj_clone/maxDiff/NIterator.vhd Line: 45
Info (10041): Inferred latch for "count[5]" at NIterator.vhd(45) File: D:/proj_clone/maxDiff/NIterator.vhd Line: 45
Info (10041): Inferred latch for "count[6]" at NIterator.vhd(45) File: D:/proj_clone/maxDiff/NIterator.vhd Line: 45
Info (10041): Inferred latch for "count[7]" at NIterator.vhd(45) File: D:/proj_clone/maxDiff/NIterator.vhd Line: 45
Info (12128): Elaborating entity "DataHandler" for hierarchy "DataHandler:Interface" File: D:/proj_clone/maxDiff/MaxDiff_woMem.vhd Line: 94
Warning (10036): Verilog HDL or VHDL warning at DataHandler.vhd(32): object "fetched_reg" assigned a value but never read File: D:/proj_clone/maxDiff/DataHandler.vhd Line: 32
Info (21057): Implemented 175 device resources after synthesis - the final resource count might be different
    Info (21058): Implemented 27 input pins
    Info (21059): Implemented 20 output pins
    Info (21061): Implemented 128 logic cells
Info: Quartus Prime Analysis & Synthesis was successful. 0 errors, 2 warnings
    Info: Peak virtual memory: 4766 megabytes
    Info: Processing ended: Sat Jun 15 00:26:04 2024
    Info: Elapsed time: 00:00:08
    Info: Total CPU time (on all processors): 00:00:20


